<?xml version="1.0" encoding="UTF-8"?>
<coverage generated="1661431944069" clover="3.2.0">
  <project timestamp="1661431944069" name="All files">
    <metrics statements="39" coveredstatements="20" conditionals="7" coveredconditionals="0" methods="19" coveredmethods="5" elements="65" coveredelements="25" complexity="0" loc="39" ncloc="39" packages="1" files="6" classes="6"/>
    <file name="index.jsx" path="/Users/yagneshmodh/Documents/Projects/invesco_react/src/Todo/index.jsx">
      <metrics statements="22" coveredstatements="9" conditionals="0" coveredconditionals="0" methods="12" coveredmethods="2"/>
      <line num="10" count="1" type="stmt"/>
      <line num="11" count="1" type="stmt"/>
      <line num="15" count="1" type="stmt"/>
      <line num="18" count="1" type="stmt"/>
      <line num="19" count="0" type="stmt"/>
      <line num="21" count="0" type="stmt"/>
      <line num="22" count="0" type="stmt"/>
      <line num="33" count="0" type="stmt"/>
      <line num="38" count="1" type="stmt"/>
      <line num="39" count="0" type="stmt"/>
      <line num="40" count="0" type="stmt"/>
      <line num="41" count="0" type="stmt"/>
      <line num="44" count="0" type="stmt"/>
      <line num="57" count="1" type="stmt"/>
      <line num="58" count="0" type="stmt"/>
      <line num="59" count="0" type="stmt"/>
      <line num="60" count="0" type="stmt"/>
      <line num="63" count="0" type="stmt"/>
      <line num="72" count="1" type="stmt"/>
      <line num="73" count="0" type="stmt"/>
      <line num="77" count="1" type="stmt"/>
      <line num="79" count="1" type="stmt"/>
    </file>
    <file name="style.css" path="/Users/yagneshmodh/Documents/Projects/invesco_react/src/Todo/style.css">
      <metrics statements="3" coveredstatements="3" conditionals="0" coveredconditionals="0" methods="0" coveredmethods="0"/>
      <line num="1" count="1" type="stmt"/>
      <line num="3" count="1" type="stmt"/>
      <line num="4" count="1" type="stmt"/>
    </file>
    <file name="todoFilter.jsx" path="/Users/yagneshmodh/Documents/Projects/invesco_react/src/Todo/todoFilter.jsx">
      <metrics statements="2" coveredstatements="2" conditionals="0" coveredconditionals="0" methods="1" coveredmethods="1"/>
      <line num="5" count="1" type="stmt"/>
      <line num="35" count="1" type="stmt"/>
    </file>
    <file name="todoForm.jsx" path="/Users/yagneshmodh/Documents/Projects/invesco_react/src/Todo/todoForm.jsx">
      <metrics statements="3" coveredstatements="3" conditionals="0" coveredconditionals="0" methods="1" coveredmethods="1"/>
      <line num="4" count="1" type="stmt"/>
      <line num="5" count="1" type="stmt"/>
      <line num="15" count="1" type="stmt"/>
    </file>
    <file name="todoItem.jsx" path="/Users/yagneshmodh/Documents/Projects/invesco_react/src/Todo/todoItem.jsx">
      <metrics statements="4" coveredstatements="1" conditionals="0" coveredconditionals="0" methods="3" coveredmethods="0"/>
      <line num="9" count="0" type="stmt"/>
      <line num="14" count="0" type="stmt"/>
      <line num="19" count="0" type="stmt"/>
      <line num="27" count="1" type="stmt"/>
    </file>
    <file name="todoList.jsx" path="/Users/yagneshmodh/Documents/Projects/invesco_react/src/Todo/todoList.jsx">
      <metrics statements="5" coveredstatements="2" conditionals="7" coveredconditionals="0" methods="2" coveredmethods="1"/>
      <line num="11" count="1" type="stmt"/>
      <line num="14" count="0" type="cond" truecount="0" falsecount="2"/>
      <line num="19" count="0" type="stmt"/>
      <line num="28" count="0" type="stmt"/>
      <line num="34" count="1" type="stmt"/>
    </file>
  </project>
</coverage>
