<?xml version="1.0" encoding="UTF-8"?>
<coverage generated="1661437988663" clover="3.2.0">
  <project timestamp="1661437988663" name="All files">
    <metrics statements="37" coveredstatements="25" conditionals="7" coveredconditionals="2" methods="19" coveredmethods="10" elements="63" coveredelements="37" complexity="0" loc="37" ncloc="37" packages="2" files="6" classes="6"/>
    <package name="invesco_react">
      <metrics statements="1" coveredstatements="1" conditionals="0" coveredconditionals="0" methods="0" coveredmethods="0"/>
      <file name="jesttransformcss.config.js" path="/Users/yagneshmodh/Documents/Projects/invesco_react/jesttransformcss.config.js">
        <metrics statements="1" coveredstatements="1" conditionals="0" coveredconditionals="0" methods="0" coveredmethods="0"/>
        <line num="1" count="1" type="stmt"/>
      </file>
    </package>
    <package name="invesco_react.src.Todo">
      <metrics statements="36" coveredstatements="24" conditionals="7" coveredconditionals="2" methods="19" coveredmethods="10"/>
      <file name="index.jsx" path="/Users/yagneshmodh/Documents/Projects/invesco_react/src/Todo/index.jsx">
        <metrics statements="22" coveredstatements="13" conditionals="0" coveredconditionals="0" methods="12" coveredmethods="5"/>
        <line num="10" count="3" type="stmt"/>
        <line num="11" count="3" type="stmt"/>
        <line num="15" count="3" type="stmt"/>
        <line num="18" count="3" type="stmt"/>
        <line num="19" count="2" type="stmt"/>
        <line num="21" count="2" type="stmt"/>
        <line num="22" count="2" type="stmt"/>
        <line num="33" count="2" type="stmt"/>
        <line num="38" count="3" type="stmt"/>
        <line num="39" count="0" type="stmt"/>
        <line num="40" count="0" type="stmt"/>
        <line num="41" count="0" type="stmt"/>
        <line num="44" count="0" type="stmt"/>
        <line num="57" count="3" type="stmt"/>
        <line num="58" count="0" type="stmt"/>
        <line num="59" count="0" type="stmt"/>
        <line num="60" count="0" type="stmt"/>
        <line num="63" count="0" type="stmt"/>
        <line num="72" count="3" type="stmt"/>
        <line num="73" count="0" type="stmt"/>
        <line num="77" count="5" type="stmt"/>
        <line num="79" count="5" type="stmt"/>
      </file>
      <file name="todoFilter.jsx" path="/Users/yagneshmodh/Documents/Projects/invesco_react/src/Todo/todoFilter.jsx">
        <metrics statements="2" coveredstatements="2" conditionals="0" coveredconditionals="0" methods="1" coveredmethods="1"/>
        <line num="5" count="3" type="stmt"/>
        <line num="35" count="1" type="stmt"/>
      </file>
      <file name="todoForm.jsx" path="/Users/yagneshmodh/Documents/Projects/invesco_react/src/Todo/todoForm.jsx">
        <metrics statements="3" coveredstatements="3" conditionals="0" coveredconditionals="0" methods="1" coveredmethods="1"/>
        <line num="4" count="2" type="stmt"/>
        <line num="5" count="5" type="stmt"/>
        <line num="16" count="2" type="stmt"/>
      </file>
      <file name="todoItem.jsx" path="/Users/yagneshmodh/Documents/Projects/invesco_react/src/Todo/todoItem.jsx">
        <metrics statements="4" coveredstatements="2" conditionals="0" coveredconditionals="0" methods="3" coveredmethods="1"/>
        <line num="9" count="2" type="stmt"/>
        <line num="18" count="0" type="stmt"/>
        <line num="23" count="0" type="stmt"/>
        <line num="31" count="1" type="stmt"/>
      </file>
      <file name="todoList.jsx" path="/Users/yagneshmodh/Documents/Projects/invesco_react/src/Todo/todoList.jsx">
        <metrics statements="5" coveredstatements="4" conditionals="7" coveredconditionals="2" methods="2" coveredmethods="2"/>
        <line num="11" count="5" type="stmt"/>
        <line num="14" count="3" type="cond" truecount="1" falsecount="1"/>
        <line num="19" count="3" type="stmt"/>
        <line num="28" count="0" type="stmt"/>
        <line num="34" count="1" type="stmt"/>
      </file>
    </package>
  </project>
</coverage>
