{"/Users/yagneshmodh/Documents/Projects/invesco_react/src/Todo/index.jsx": {"path":"/Users/yagneshmodh/Documents/Projects/invesco_react/src/Todo/index.jsx","statementMap":{"0":{"start":{"line":10,"column":4},"end":{"line":10,"column":17}},"1":{"start":{"line":11,"column":4},"end":{"line":14,"column":6}},"2":{"start":{"line":15,"column":4},"end":{"line":15,"column":35}},"3":{"start":{"line":18,"column":12},"end":{"line":36,"column":3}},"4":{"start":{"line":19,"column":4},"end":{"line":19,"column":27}},"5":{"start":{"line":21,"column":4},"end":{"line":35,"column":6}},"6":{"start":{"line":22,"column":25},"end":{"line":31,"column":7}},"7":{"start":{"line":33,"column":8},"end":{"line":33,"column":44}},"8":{"start":{"line":38,"column":23},"end":{"line":55,"column":3}},"9":{"start":{"line":39,"column":4},"end":{"line":54,"column":7}},"10":{"start":{"line":40,"column":20},"end":{"line":42,"column":7}},"11":{"start":{"line":41,"column":13},"end":{"line":41,"column":29}},"12":{"start":{"line":44,"column":6},"end":{"line":53,"column":8}},"13":{"start":{"line":57,"column":15},"end":{"line":70,"column":3}},"14":{"start":{"line":58,"column":4},"end":{"line":69,"column":7}},"15":{"start":{"line":59,"column":20},"end":{"line":61,"column":7}},"16":{"start":{"line":60,"column":13},"end":{"line":60,"column":29}},"17":{"start":{"line":63,"column":6},"end":{"line":68,"column":8}},"18":{"start":{"line":72,"column":15},"end":{"line":74,"column":3}},"19":{"start":{"line":73,"column":4},"end":{"line":73,"column":53}},"20":{"start":{"line":77,"column":37},"end":{"line":77,"column":47}},"21":{"start":{"line":79,"column":4},"end":{"line":94,"column":6}}},"fnMap":{"0":{"name":"(anonymous_0)","decl":{"start":{"line":9,"column":2},"end":{"line":9,"column":3}},"loc":{"start":{"line":9,"column":21},"end":{"line":16,"column":3}},"line":9},"1":{"name":"(anonymous_1)","decl":{"start":{"line":18,"column":12},"end":{"line":18,"column":13}},"loc":{"start":{"line":18,"column":21},"end":{"line":36,"column":3}},"line":18},"2":{"name":"(anonymous_2)","decl":{"start":{"line":22,"column":6},"end":{"line":22,"column":7}},"loc":{"start":{"line":22,"column":25},"end":{"line":31,"column":7}},"line":22},"3":{"name":"(anonymous_3)","decl":{"start":{"line":32,"column":6},"end":{"line":32,"column":7}},"loc":{"start":{"line":32,"column":12},"end":{"line":34,"column":7}},"line":32},"4":{"name":"(anonymous_4)","decl":{"start":{"line":38,"column":23},"end":{"line":38,"column":24}},"loc":{"start":{"line":38,"column":31},"end":{"line":55,"column":3}},"line":38},"5":{"name":"(anonymous_5)","decl":{"start":{"line":39,"column":18},"end":{"line":39,"column":19}},"loc":{"start":{"line":39,"column":36},"end":{"line":54,"column":5}},"line":39},"6":{"name":"(anonymous_6)","decl":{"start":{"line":41,"column":8},"end":{"line":41,"column":9}},"loc":{"start":{"line":41,"column":13},"end":{"line":41,"column":29}},"line":41},"7":{"name":"(anonymous_7)","decl":{"start":{"line":57,"column":15},"end":{"line":57,"column":16}},"loc":{"start":{"line":57,"column":23},"end":{"line":70,"column":3}},"line":57},"8":{"name":"(anonymous_8)","decl":{"start":{"line":58,"column":18},"end":{"line":58,"column":19}},"loc":{"start":{"line":58,"column":36},"end":{"line":69,"column":5}},"line":58},"9":{"name":"(anonymous_9)","decl":{"start":{"line":60,"column":8},"end":{"line":60,"column":9}},"loc":{"start":{"line":60,"column":13},"end":{"line":60,"column":29}},"line":60},"10":{"name":"(anonymous_10)","decl":{"start":{"line":72,"column":15},"end":{"line":72,"column":16}},"loc":{"start":{"line":72,"column":24},"end":{"line":74,"column":3}},"line":72},"11":{"name":"(anonymous_11)","decl":{"start":{"line":76,"column":2},"end":{"line":76,"column":3}},"loc":{"start":{"line":76,"column":11},"end":{"line":95,"column":3}},"line":76}},"branchMap":{},"s":{"0":1,"1":1,"2":1,"3":1,"4":0,"5":0,"6":0,"7":0,"8":1,"9":0,"10":0,"11":0,"12":0,"13":1,"14":0,"15":0,"16":0,"17":0,"18":1,"19":0,"20":1,"21":1},"f":{"0":1,"1":0,"2":0,"3":0,"4":0,"5":0,"6":0,"7":0,"8":0,"9":0,"10":0,"11":1},"b":{},"_coverageSchema":"1a1c01bbd47fc00a2c39e90264f33305004495a9","hash":"9dbb51260613c8551306967f3417375867d73be6"}
,"/Users/yagneshmodh/Documents/Projects/invesco_react/src/Todo/style.css": {"path":"/Users/yagneshmodh/Documents/Projects/invesco_react/src/Todo/style.css","statementMap":{"0":{"start":{"line":1,"column":20},"end":{"line":1,"column":43}},"1":{"start":{"line":3,"column":0},"end":{"line":3,"column":460}},"2":{"start":{"line":4,"column":0},"end":{"line":4,"column":225}}},"fnMap":{},"branchMap":{},"s":{"0":1,"1":1,"2":1},"f":{},"b":{},"_coverageSchema":"1a1c01bbd47fc00a2c39e90264f33305004495a9","hash":"4cd044d5ee7ed76caf5fea675c3fcd798ea9432b"}
,"/Users/yagneshmodh/Documents/Projects/invesco_react/src/Todo/todoFilter.jsx": {"path":"/Users/yagneshmodh/Documents/Projects/invesco_react/src/Todo/todoFilter.jsx","statementMap":{"0":{"start":{"line":5,"column":2},"end":{"line":32,"column":4}},"1":{"start":{"line":35,"column":0},"end":{"line":37,"column":2}}},"fnMap":{"0":{"name":"TodoFilter","decl":{"start":{"line":4,"column":9},"end":{"line":4,"column":19}},"loc":{"start":{"line":4,"column":36},"end":{"line":33,"column":1}},"line":4}},"branchMap":{},"s":{"0":1,"1":1},"f":{"0":1},"b":{},"_coverageSchema":"1a1c01bbd47fc00a2c39e90264f33305004495a9","hash":"cba1f60f19388a426077d6e12b46cd53f86c06da"}
,"/Users/yagneshmodh/Documents/Projects/invesco_react/src/Todo/todoForm.jsx": {"path":"/Users/yagneshmodh/Documents/Projects/invesco_react/src/Todo/todoForm.jsx","statementMap":{"0":{"start":{"line":4,"column":17},"end":{"line":13,"column":2}},"1":{"start":{"line":5,"column":2},"end":{"line":12,"column":9}},"2":{"start":{"line":15,"column":0},"end":{"line":17,"column":2}}},"fnMap":{"0":{"name":"(anonymous_0)","decl":{"start":{"line":4,"column":28},"end":{"line":4,"column":29}},"loc":{"start":{"line":5,"column":2},"end":{"line":12,"column":9}},"line":5}},"branchMap":{},"s":{"0":1,"1":1,"2":1},"f":{"0":1},"b":{},"_coverageSchema":"1a1c01bbd47fc00a2c39e90264f33305004495a9","hash":"64f3544543f3ee11cef8b5bf76d32ce2ffbc2012"}
,"/Users/yagneshmodh/Documents/Projects/invesco_react/src/Todo/todoItem.jsx": {"path":"/Users/yagneshmodh/Documents/Projects/invesco_react/src/Todo/todoItem.jsx","statementMap":{"0":{"start":{"line":9,"column":2},"end":{"line":24,"column":4}},"1":{"start":{"line":14,"column":24},"end":{"line":14,"column":48}},"2":{"start":{"line":19,"column":23},"end":{"line":19,"column":39}},"3":{"start":{"line":27,"column":0},"end":{"line":35,"column":2}}},"fnMap":{"0":{"name":"TodoItem","decl":{"start":{"line":4,"column":9},"end":{"line":4,"column":17}},"loc":{"start":{"line":8,"column":3},"end":{"line":25,"column":1}},"line":8},"1":{"name":"(anonymous_1)","decl":{"start":{"line":14,"column":18},"end":{"line":14,"column":19}},"loc":{"start":{"line":14,"column":24},"end":{"line":14,"column":48}},"line":14},"2":{"name":"(anonymous_2)","decl":{"start":{"line":19,"column":17},"end":{"line":19,"column":18}},"loc":{"start":{"line":19,"column":23},"end":{"line":19,"column":39}},"line":19}},"branchMap":{},"s":{"0":0,"1":0,"2":0,"3":1},"f":{"0":0,"1":0,"2":0},"b":{},"_coverageSchema":"1a1c01bbd47fc00a2c39e90264f33305004495a9","hash":"66107c160b28ed58b9267a498d09c331274d25b7"}
,"/Users/yagneshmodh/Documents/Projects/invesco_react/src/Todo/todoList.jsx": {"path":"/Users/yagneshmodh/Documents/Projects/invesco_react/src/Todo/todoList.jsx","statementMap":{"0":{"start":{"line":11,"column":2},"end":{"line":31,"column":4}},"1":{"start":{"line":14,"column":8},"end":{"line":27,"column":9}},"2":{"start":{"line":19,"column":10},"end":{"line":26,"column":12}},"3":{"start":{"line":28,"column":8},"end":{"line":28,"column":20}},"4":{"start":{"line":34,"column":0},"end":{"line":49,"column":2}}},"fnMap":{"0":{"name":"TodoList","decl":{"start":{"line":5,"column":9},"end":{"line":5,"column":17}},"loc":{"start":{"line":10,"column":3},"end":{"line":32,"column":1}},"line":10},"1":{"name":"(anonymous_1)","decl":{"start":{"line":13,"column":20},"end":{"line":13,"column":21}},"loc":{"start":{"line":13,"column":28},"end":{"line":29,"column":7}},"line":13}},"branchMap":{"0":{"loc":{"start":{"line":14,"column":8},"end":{"line":27,"column":9}},"type":"if","locations":[{"start":{"line":14,"column":8},"end":{"line":27,"column":9}},{"start":{},"end":{}}],"line":14},"1":{"loc":{"start":{"line":15,"column":10},"end":{"line":17,"column":52}},"type":"binary-expr","locations":[{"start":{"line":15,"column":10},"end":{"line":15,"column":30}},{"start":{"line":16,"column":11},"end":{"line":16,"column":22}},{"start":{"line":16,"column":26},"end":{"line":16,"column":52}},{"start":{"line":17,"column":11},"end":{"line":17,"column":23}},{"start":{"line":17,"column":27},"end":{"line":17,"column":51}}],"line":15}},"s":{"0":1,"1":0,"2":0,"3":0,"4":1},"f":{"0":1,"1":0},"b":{"0":[0,0],"1":[0,0,0,0,0]},"_coverageSchema":"1a1c01bbd47fc00a2c39e90264f33305004495a9","hash":"57b73a12e2611313d819be978e07475b972c3747"}
}
