{"/Users/yagneshmodh/Documents/Projects/invesco_react/jesttransformcss.config.js": {"path":"/Users/yagneshmodh/Documents/Projects/invesco_react/jesttransformcss.config.js","statementMap":{"0":{"start":{"line":1,"column":0},"end":{"line":3,"column":2}}},"fnMap":{},"branchMap":{},"s":{"0":1},"f":{},"b":{},"_coverageSchema":"1a1c01bbd47fc00a2c39e90264f33305004495a9","hash":"2451f227a2a7b09c5b484ec859d7c913f1f2ea2f"}
,"/Users/yagneshmodh/Documents/Projects/invesco_react/src/Todo/index.jsx": {"path":"/Users/yagneshmodh/Documents/Projects/invesco_react/src/Todo/index.jsx","statementMap":{"0":{"start":{"line":19,"column":34},"end":{"line":19,"column":46}},"1":{"start":{"line":20,"column":38},"end":{"line":20,"column":53}},"2":{"start":{"line":22,"column":22},"end":{"line":22,"column":30}},"3":{"start":{"line":24,"column":19},"end":{"line":42,"column":8}},"4":{"start":{"line":25,"column":4},"end":{"line":41,"column":5}},"5":{"start":{"line":26,"column":19},"end":{"line":26,"column":21}},"6":{"start":{"line":27,"column":6},"end":{"line":31,"column":7}},"7":{"start":{"line":28,"column":8},"end":{"line":30,"column":10}},"8":{"start":{"line":33,"column":18},"end":{"line":35,"column":8}},"9":{"start":{"line":37,"column":6},"end":{"line":37,"column":28}},"10":{"start":{"line":38,"column":6},"end":{"line":38,"column":24}},"11":{"start":{"line":40,"column":6},"end":{"line":40,"column":35}},"12":{"start":{"line":44,"column":18},"end":{"line":57,"column":8}},"13":{"start":{"line":45,"column":4},"end":{"line":45,"column":27}},"14":{"start":{"line":46,"column":4},"end":{"line":56,"column":5}},"15":{"start":{"line":47,"column":18},"end":{"line":50,"column":8}},"16":{"start":{"line":52,"column":6},"end":{"line":52,"column":45}},"17":{"start":{"line":52,"column":25},"end":{"line":52,"column":43}},"18":{"start":{"line":53,"column":6},"end":{"line":53,"column":37}},"19":{"start":{"line":55,"column":6},"end":{"line":55,"column":35}},"20":{"start":{"line":59,"column":29},"end":{"line":80,"column":8}},"21":{"start":{"line":60,"column":4},"end":{"line":79,"column":5}},"22":{"start":{"line":61,"column":18},"end":{"line":67,"column":7}},"23":{"start":{"line":69,"column":6},"end":{"line":76,"column":9}},"24":{"start":{"line":70,"column":22},"end":{"line":70,"column":58}},"25":{"start":{"line":70,"column":41},"end":{"line":70,"column":57}},"26":{"start":{"line":71,"column":8},"end":{"line":75,"column":10}},"27":{"start":{"line":78,"column":6},"end":{"line":78,"column":35}},"28":{"start":{"line":82,"column":21},"end":{"line":96,"column":8}},"29":{"start":{"line":83,"column":4},"end":{"line":95,"column":5}},"30":{"start":{"line":84,"column":6},"end":{"line":84,"column":56}},"31":{"start":{"line":86,"column":6},"end":{"line":92,"column":9}},"32":{"start":{"line":87,"column":22},"end":{"line":87,"column":58}},"33":{"start":{"line":87,"column":41},"end":{"line":87,"column":57}},"34":{"start":{"line":88,"column":8},"end":{"line":91,"column":10}},"35":{"start":{"line":94,"column":6},"end":{"line":94,"column":35}},"36":{"start":{"line":98,"column":21},"end":{"line":103,"column":3}},"37":{"start":{"line":100,"column":6},"end":{"line":100,"column":34}},"38":{"start":{"line":106,"column":15},"end":{"line":106,"column":55}},"39":{"start":{"line":106,"column":30},"end":{"line":106,"column":49}},"40":{"start":{"line":108,"column":2},"end":{"line":110,"column":17}},"41":{"start":{"line":109,"column":4},"end":{"line":109,"column":20}},"42":{"start":{"line":112,"column":2},"end":{"line":130,"column":4}}},"fnMap":{"0":{"name":"Todo","decl":{"start":{"line":18,"column":9},"end":{"line":18,"column":13}},"loc":{"start":{"line":18,"column":16},"end":{"line":131,"column":1}},"line":18},"1":{"name":"(anonymous_1)","decl":{"start":{"line":24,"column":31},"end":{"line":24,"column":32}},"loc":{"start":{"line":24,"column":43},"end":{"line":42,"column":3}},"line":24},"2":{"name":"(anonymous_2)","decl":{"start":{"line":44,"column":30},"end":{"line":44,"column":31}},"loc":{"start":{"line":44,"column":45},"end":{"line":57,"column":3}},"line":44},"3":{"name":"(anonymous_3)","decl":{"start":{"line":52,"column":18},"end":{"line":52,"column":19}},"loc":{"start":{"line":52,"column":25},"end":{"line":52,"column":43}},"line":52},"4":{"name":"(anonymous_4)","decl":{"start":{"line":59,"column":41},"end":{"line":59,"column":42}},"loc":{"start":{"line":59,"column":55},"end":{"line":80,"column":3}},"line":59},"5":{"name":"(anonymous_5)","decl":{"start":{"line":69,"column":18},"end":{"line":69,"column":19}},"loc":{"start":{"line":69,"column":25},"end":{"line":76,"column":7}},"line":69},"6":{"name":"(anonymous_6)","decl":{"start":{"line":70,"column":36},"end":{"line":70,"column":37}},"loc":{"start":{"line":70,"column":41},"end":{"line":70,"column":57}},"line":70},"7":{"name":"(anonymous_7)","decl":{"start":{"line":82,"column":33},"end":{"line":82,"column":34}},"loc":{"start":{"line":82,"column":47},"end":{"line":96,"column":3}},"line":82},"8":{"name":"(anonymous_8)","decl":{"start":{"line":86,"column":18},"end":{"line":86,"column":19}},"loc":{"start":{"line":86,"column":25},"end":{"line":92,"column":7}},"line":86},"9":{"name":"(anonymous_9)","decl":{"start":{"line":87,"column":36},"end":{"line":87,"column":37}},"loc":{"start":{"line":87,"column":41},"end":{"line":87,"column":57}},"line":87},"10":{"name":"(anonymous_10)","decl":{"start":{"line":99,"column":4},"end":{"line":99,"column":5}},"loc":{"start":{"line":99,"column":13},"end":{"line":101,"column":5}},"line":99},"11":{"name":"(anonymous_11)","decl":{"start":{"line":106,"column":23},"end":{"line":106,"column":24}},"loc":{"start":{"line":106,"column":30},"end":{"line":106,"column":49}},"line":106},"12":{"name":"(anonymous_12)","decl":{"start":{"line":108,"column":12},"end":{"line":108,"column":13}},"loc":{"start":{"line":108,"column":18},"end":{"line":110,"column":3}},"line":108}},"branchMap":{"0":{"loc":{"start":{"line":27,"column":6},"end":{"line":31,"column":7}},"type":"if","locations":[{"start":{"line":27,"column":6},"end":{"line":31,"column":7}},{"start":{},"end":{}}],"line":27}},"s":{"0":3,"1":3,"2":3,"3":3,"4":3,"5":3,"6":3,"7":0,"8":3,"9":0,"10":0,"11":3,"12":3,"13":2,"14":2,"15":2,"16":0,"17":0,"18":0,"19":2,"20":3,"21":0,"22":0,"23":0,"24":0,"25":0,"26":0,"27":0,"28":3,"29":0,"30":0,"31":0,"32":0,"33":0,"34":0,"35":0,"36":3,"37":0,"38":3,"39":3,"40":3,"41":3,"42":3},"f":{"0":3,"1":3,"2":2,"3":0,"4":0,"5":0,"6":0,"7":0,"8":0,"9":0,"10":0,"11":3,"12":3},"b":{"0":[0,3]},"_coverageSchema":"1a1c01bbd47fc00a2c39e90264f33305004495a9","hash":"c528fa6cfac8ee50f4ca4058659fd6f65fe03f96"}
,"/Users/yagneshmodh/Documents/Projects/invesco_react/src/Todo/todoFilter.jsx": {"path":"/Users/yagneshmodh/Documents/Projects/invesco_react/src/Todo/todoFilter.jsx","statementMap":{"0":{"start":{"line":5,"column":2},"end":{"line":5,"column":28}},"1":{"start":{"line":6,"column":2},"end":{"line":49,"column":4}},"2":{"start":{"line":52,"column":0},"end":{"line":59,"column":2}}},"fnMap":{"0":{"name":"TodoFilter","decl":{"start":{"line":4,"column":9},"end":{"line":4,"column":19}},"loc":{"start":{"line":4,"column":48},"end":{"line":50,"column":1}},"line":4}},"branchMap":{"0":{"loc":{"start":{"line":14,"column":12},"end":{"line":14,"column":59}},"type":"cond-expr","locations":[{"start":{"line":14,"column":35},"end":{"line":14,"column":47}},{"start":{"line":14,"column":50},"end":{"line":14,"column":59}}],"line":14},"1":{"loc":{"start":{"line":26,"column":12},"end":{"line":28,"column":25}},"type":"cond-expr","locations":[{"start":{"line":27,"column":16},"end":{"line":27,"column":28}},{"start":{"line":28,"column":16},"end":{"line":28,"column":25}}],"line":26},"2":{"loc":{"start":{"line":41,"column":12},"end":{"line":43,"column":25}},"type":"cond-expr","locations":[{"start":{"line":42,"column":16},"end":{"line":42,"column":28}},{"start":{"line":43,"column":16},"end":{"line":43,"column":25}}],"line":41}},"s":{"0":3,"1":3,"2":1},"f":{"0":3},"b":{"0":[3,0],"1":[0,3],"2":[0,3]},"_coverageSchema":"1a1c01bbd47fc00a2c39e90264f33305004495a9","hash":"9a36b1710486b920f6b07f43f1850f3730a8069a"}
,"/Users/yagneshmodh/Documents/Projects/invesco_react/src/Todo/todoForm.jsx": {"path":"/Users/yagneshmodh/Documents/Projects/invesco_react/src/Todo/todoForm.jsx","statementMap":{"0":{"start":{"line":4,"column":17},"end":{"line":17,"column":2}},"1":{"start":{"line":5,"column":2},"end":{"line":5,"column":26}},"2":{"start":{"line":6,"column":2},"end":{"line":16,"column":4}},"3":{"start":{"line":19,"column":0},"end":{"line":21,"column":2}}},"fnMap":{"0":{"name":"(anonymous_0)","decl":{"start":{"line":4,"column":28},"end":{"line":4,"column":29}},"loc":{"start":{"line":4,"column":50},"end":{"line":17,"column":1}},"line":4}},"branchMap":{},"s":{"0":2,"1":5,"2":5,"3":2},"f":{"0":5},"b":{},"_coverageSchema":"1a1c01bbd47fc00a2c39e90264f33305004495a9","hash":"2e9835c309ba4d8f316521fcb674d673f9a212b2"}
,"/Users/yagneshmodh/Documents/Projects/invesco_react/src/Todo/todoItem.jsx": {"path":"/Users/yagneshmodh/Documents/Projects/invesco_react/src/Todo/todoItem.jsx","statementMap":{"0":{"start":{"line":9,"column":2},"end":{"line":9,"column":26}},"1":{"start":{"line":10,"column":2},"end":{"line":29,"column":4}},"2":{"start":{"line":19,"column":24},"end":{"line":19,"column":48}},"3":{"start":{"line":24,"column":23},"end":{"line":24,"column":39}},"4":{"start":{"line":32,"column":0},"end":{"line":40,"column":2}}},"fnMap":{"0":{"name":"TodoItem","decl":{"start":{"line":4,"column":9},"end":{"line":4,"column":17}},"loc":{"start":{"line":8,"column":3},"end":{"line":30,"column":1}},"line":8},"1":{"name":"(anonymous_1)","decl":{"start":{"line":19,"column":18},"end":{"line":19,"column":19}},"loc":{"start":{"line":19,"column":24},"end":{"line":19,"column":48}},"line":19},"2":{"name":"(anonymous_2)","decl":{"start":{"line":24,"column":17},"end":{"line":24,"column":18}},"loc":{"start":{"line":24,"column":23},"end":{"line":24,"column":39}},"line":24}},"branchMap":{},"s":{"0":0,"1":0,"2":0,"3":0,"4":1},"f":{"0":0,"1":0,"2":0},"b":{},"_coverageSchema":"1a1c01bbd47fc00a2c39e90264f33305004495a9","hash":"4a5c347b77987751c523f4ae11483235b14b037c"}
,"/Users/yagneshmodh/Documents/Projects/invesco_react/src/Todo/todoList.jsx": {"path":"/Users/yagneshmodh/Documents/Projects/invesco_react/src/Todo/todoList.jsx","statementMap":{"0":{"start":{"line":10,"column":2},"end":{"line":10,"column":26}},"1":{"start":{"line":11,"column":2},"end":{"line":22,"column":4}},"2":{"start":{"line":14,"column":8},"end":{"line":19,"column":10}},"3":{"start":{"line":25,"column":0},"end":{"line":35,"column":2}}},"fnMap":{"0":{"name":"TodoList","decl":{"start":{"line":5,"column":9},"end":{"line":5,"column":17}},"loc":{"start":{"line":9,"column":3},"end":{"line":23,"column":1}},"line":9},"1":{"name":"(anonymous_1)","decl":{"start":{"line":13,"column":20},"end":{"line":13,"column":21}},"loc":{"start":{"line":14,"column":8},"end":{"line":19,"column":10}},"line":14}},"branchMap":{},"s":{"0":3,"1":3,"2":0,"3":1},"f":{"0":3,"1":0},"b":{},"_coverageSchema":"1a1c01bbd47fc00a2c39e90264f33305004495a9","hash":"fe25f49e284adc8529157b81740bf4393ee5fb20"}
,"/Users/yagneshmodh/Documents/Projects/invesco_react/src/utils/axiosInstance.js": {"path":"/Users/yagneshmodh/Documents/Projects/invesco_react/src/utils/axiosInstance.js","statementMap":{"0":{"start":{"line":3,"column":22},"end":{"line":8,"column":2}}},"fnMap":{},"branchMap":{},"s":{"0":1},"f":{},"b":{},"_coverageSchema":"1a1c01bbd47fc00a2c39e90264f33305004495a9","hash":"7e65e53f1b3d94c9e0c613a2ad0986b32e29a55a"}
}
