TN:
SF:jesttransformcss.config.js
FNF:0
FNH:0
DA:1,1
LF:1
LH:1
BRF:0
BRH:0
end_of_record
TN:
SF:src/Todo/index.jsx
FN:9,(anonymous_0)
FN:18,(anonymous_1)
FN:22,(anonymous_2)
FN:32,(anonymous_3)
FN:38,(anonymous_4)
FN:39,(anonymous_5)
FN:41,(anonymous_6)
FN:57,(anonymous_7)
FN:58,(anonymous_8)
FN:60,(anonymous_9)
FN:72,(anonymous_10)
FN:76,(anonymous_11)
FNF:12
FNH:5
FNDA:3,(anonymous_0)
FNDA:2,(anonymous_1)
FNDA:2,(anonymous_2)
FNDA:2,(anonymous_3)
FNDA:0,(anonymous_4)
FNDA:0,(anonymous_5)
FNDA:0,(anonymous_6)
FNDA:0,(anonymous_7)
FNDA:0,(anonymous_8)
FNDA:0,(anonymous_9)
FNDA:0,(anonymous_10)
FNDA:5,(anonymous_11)
DA:10,3
DA:11,3
DA:15,3
DA:18,3
DA:19,2
DA:21,2
DA:22,2
DA:33,2
DA:38,3
DA:39,0
DA:40,0
DA:41,0
DA:44,0
DA:57,3
DA:58,0
DA:59,0
DA:60,0
DA:63,0
DA:72,3
DA:73,0
DA:77,5
DA:79,5
LF:22
LH:13
BRF:0
BRH:0
end_of_record
TN:
SF:src/Todo/todoFilter.jsx
FN:4,TodoFilter
FNF:1
FNH:1
FNDA:3,TodoFilter
DA:5,3
DA:35,1
LF:2
LH:2
BRF:0
BRH:0
end_of_record
TN:
SF:src/Todo/todoForm.jsx
FN:4,(anonymous_0)
FNF:1
FNH:1
FNDA:5,(anonymous_0)
DA:4,2
DA:5,5
DA:16,2
LF:3
LH:3
BRF:0
BRH:0
end_of_record
TN:
SF:src/Todo/todoItem.jsx
FN:4,TodoItem
FN:18,(anonymous_1)
FN:23,(anonymous_2)
FNF:3
FNH:1
FNDA:2,TodoItem
FNDA:0,(anonymous_1)
FNDA:0,(anonymous_2)
DA:9,2
DA:18,0
DA:23,0
DA:31,1
LF:4
LH:2
BRF:0
BRH:0
end_of_record
TN:
SF:src/Todo/todoList.jsx
FN:5,TodoList
FN:13,(anonymous_1)
FNF:2
FNH:2
FNDA:5,TodoList
FNDA:3,(anonymous_1)
DA:11,5
DA:14,3
DA:19,3
DA:28,0
DA:34,1
LF:5
LH:4
BRDA:14,0,0,3
BRDA:14,0,1,0
BRDA:15,1,0,3
BRDA:15,1,1,0
BRDA:15,1,2,0
BRDA:15,1,3,0
BRDA:15,1,4,0
BRF:7
BRH:2
end_of_record
