TN:
SF:src/Todo/index.jsx
FN:9,(anonymous_0)
FN:18,(anonymous_1)
FN:22,(anonymous_2)
FN:32,(anonymous_3)
FN:38,(anonymous_4)
FN:39,(anonymous_5)
FN:41,(anonymous_6)
FN:57,(anonymous_7)
FN:58,(anonymous_8)
FN:60,(anonymous_9)
FN:72,(anonymous_10)
FN:76,(anonymous_11)
FNF:12
FNH:2
FNDA:1,(anonymous_0)
FNDA:0,(anonymous_1)
FNDA:0,(anonymous_2)
FNDA:0,(anonymous_3)
FNDA:0,(anonymous_4)
FNDA:0,(anonymous_5)
FNDA:0,(anonymous_6)
FNDA:0,(anonymous_7)
FNDA:0,(anonymous_8)
FNDA:0,(anonymous_9)
FNDA:0,(anonymous_10)
FNDA:1,(anonymous_11)
DA:10,1
DA:11,1
DA:15,1
DA:18,1
DA:19,0
DA:21,0
DA:22,0
DA:33,0
DA:38,1
DA:39,0
DA:40,0
DA:41,0
DA:44,0
DA:57,1
DA:58,0
DA:59,0
DA:60,0
DA:63,0
DA:72,1
DA:73,0
DA:77,1
DA:79,1
LF:22
LH:9
BRF:0
BRH:0
end_of_record
TN:
SF:src/Todo/style.css
FNF:0
FNH:0
DA:1,1
DA:3,1
DA:4,1
LF:3
LH:3
BRF:0
BRH:0
end_of_record
TN:
SF:src/Todo/todoFilter.jsx
FN:4,TodoFilter
FNF:1
FNH:1
FNDA:1,TodoFilter
DA:5,1
DA:35,1
LF:2
LH:2
BRF:0
BRH:0
end_of_record
TN:
SF:src/Todo/todoForm.jsx
FN:4,(anonymous_0)
FNF:1
FNH:1
FNDA:1,(anonymous_0)
DA:4,1
DA:5,1
DA:15,1
LF:3
LH:3
BRF:0
BRH:0
end_of_record
TN:
SF:src/Todo/todoItem.jsx
FN:4,TodoItem
FN:14,(anonymous_1)
FN:19,(anonymous_2)
FNF:3
FNH:0
FNDA:0,TodoItem
FNDA:0,(anonymous_1)
FNDA:0,(anonymous_2)
DA:9,0
DA:14,0
DA:19,0
DA:27,1
LF:4
LH:1
BRF:0
BRH:0
end_of_record
TN:
SF:src/Todo/todoList.jsx
FN:5,TodoList
FN:13,(anonymous_1)
FNF:2
FNH:1
FNDA:1,TodoList
FNDA:0,(anonymous_1)
DA:11,1
DA:14,0
DA:19,0
DA:28,0
DA:34,1
LF:5
LH:2
BRDA:14,0,0,0
BRDA:14,0,1,0
BRDA:15,1,0,0
BRDA:15,1,1,0
BRDA:15,1,2,0
BRDA:15,1,3,0
BRDA:15,1,4,0
BRF:7
BRH:0
end_of_record
